<?xml version="1.0" encoding="UTF-8"?>
<testsuite xmlns:xsi="http://www.w3.org/2001/XMLSchema-instance" xsi:noNamespaceSchemaLocation="https://maven.apache.org/surefire/maven-surefire-plugin/xsd/surefire-test-report.xsd" name="controller.UserControllerTest" time="0.211" tests="5" errors="0" skipped="0" failures="0">
  <properties>
    <property name="awt.toolkit" value="sun.awt.X11.XToolkit"/>
    <property name="file.encoding.pkg" value="sun.io"/>
    <property name="java.specification.version" value="1.8"/>
    <property name="sun.cpu.isalist" value=""/>
    <property name="sun.jnu.encoding" value="UTF-8"/>
    <property name="java.class.path" value="/home/vhmnts/Programming/Projects/Postcrossing/Postcrossing-pet-project/target/test-classes:/home/vhmnts/Programming/Projects/Postcrossing/Postcrossing-pet-project/target/classes:/home/vhmnts/.m2/repository/org/junit/jupiter/junit-jupiter-api/5.4.2/junit-jupiter-api-5.4.2.jar:/home/vhmnts/.m2/repository/org/apiguardian/apiguardian-api/1.0.0/apiguardian-api-1.0.0.jar:/home/vhmnts/.m2/repository/org/opentest4j/opentest4j/1.1.1/opentest4j-1.1.1.jar:/home/vhmnts/.m2/repository/org/junit/platform/junit-platform-commons/1.4.2/junit-platform-commons-1.4.2.jar:/home/vhmnts/.m2/repository/org/junit/jupiter/junit-jupiter-engine/5.4.1/junit-jupiter-engine-5.4.1.jar:/home/vhmnts/.m2/repository/org/junit/platform/junit-platform-engine/1.4.1/junit-platform-engine-1.4.1.jar:/home/vhmnts/.m2/repository/org/springframework/spring-test/5.0.19.RELEASE/spring-test-5.0.19.RELEASE.jar:/home/vhmnts/.m2/repository/org/springframework/spring-core/5.0.19.RELEASE/spring-core-5.0.19.RELEASE.jar:/home/vhmnts/.m2/repository/org/springframework/spring-jcl/5.0.19.RELEASE/spring-jcl-5.0.19.RELEASE.jar:/home/vhmnts/.m2/repository/org/hamcrest/hamcrest-library/2.1/hamcrest-library-2.1.jar:/home/vhmnts/.m2/repository/org/hamcrest/hamcrest-core/2.1/hamcrest-core-2.1.jar:/home/vhmnts/.m2/repository/org/hamcrest/hamcrest/2.1/hamcrest-2.1.jar:/home/vhmnts/.m2/repository/org/mockito/mockito-junit-jupiter/3.4.6/mockito-junit-jupiter-3.4.6.jar:/home/vhmnts/.m2/repository/org/mockito/mockito-core/3.4.6/mockito-core-3.4.6.jar:/home/vhmnts/.m2/repository/net/bytebuddy/byte-buddy/1.10.13/byte-buddy-1.10.13.jar:/home/vhmnts/.m2/repository/net/bytebuddy/byte-buddy-agent/1.10.13/byte-buddy-agent-1.10.13.jar:/home/vhmnts/.m2/repository/org/objenesis/objenesis/2.6/objenesis-2.6.jar:/home/vhmnts/.m2/repository/org/hsqldb/hsqldb/2.4.1/hsqldb-2.4.1.jar:/home/vhmnts/.m2/repository/org/hibernate/hibernate-core/5.4.22.Final/hibernate-core-5.4.22.Final.jar:/home/vhmnts/.m2/repository/org/jboss/logging/jboss-logging/3.3.2.Final/jboss-logging-3.3.2.Final.jar:/home/vhmnts/.m2/repository/javax/persistence/javax.persistence-api/2.2/javax.persistence-api-2.2.jar:/home/vhmnts/.m2/repository/org/javassist/javassist/3.24.0-GA/javassist-3.24.0-GA.jar:/home/vhmnts/.m2/repository/antlr/antlr/2.7.7/antlr-2.7.7.jar:/home/vhmnts/.m2/repository/org/jboss/spec/javax/transaction/jboss-transaction-api_1.2_spec/1.1.1.Final/jboss-transaction-api_1.2_spec-1.1.1.Final.jar:/home/vhmnts/.m2/repository/org/jboss/jandex/2.1.3.Final/jandex-2.1.3.Final.jar:/home/vhmnts/.m2/repository/com/fasterxml/classmate/1.5.1/classmate-1.5.1.jar:/home/vhmnts/.m2/repository/javax/activation/javax.activation-api/1.2.0/javax.activation-api-1.2.0.jar:/home/vhmnts/.m2/repository/org/dom4j/dom4j/2.1.3/dom4j-2.1.3.jar:/home/vhmnts/.m2/repository/org/hibernate/common/hibernate-commons-annotations/5.1.0.Final/hibernate-commons-annotations-5.1.0.Final.jar:/home/vhmnts/.m2/repository/javax/xml/bind/jaxb-api/2.3.1/jaxb-api-2.3.1.jar:/home/vhmnts/.m2/repository/org/glassfish/jaxb/jaxb-runtime/2.3.1/jaxb-runtime-2.3.1.jar:/home/vhmnts/.m2/repository/org/glassfish/jaxb/txw2/2.3.1/txw2-2.3.1.jar:/home/vhmnts/.m2/repository/com/sun/istack/istack-commons-runtime/3.0.7/istack-commons-runtime-3.0.7.jar:/home/vhmnts/.m2/repository/org/jvnet/staxex/stax-ex/1.8/stax-ex-1.8.jar:/home/vhmnts/.m2/repository/com/sun/xml/fastinfoset/FastInfoset/1.2.15/FastInfoset-1.2.15.jar:/home/vhmnts/.m2/repository/org/hibernate/validator/hibernate-validator/6.1.4.Final/hibernate-validator-6.1.4.Final.jar:/home/vhmnts/.m2/repository/jakarta/validation/jakarta.validation-api/2.0.2/jakarta.validation-api-2.0.2.jar:/home/vhmnts/.m2/repository/mysql/mysql-connector-java/8.0.21/mysql-connector-java-8.0.21.jar:/home/vhmnts/.m2/repository/com/google/protobuf/protobuf-java/3.11.4/protobuf-java-3.11.4.jar:/home/vhmnts/.m2/repository/org/apache/tomcat/tomcat-dbcp/9.0.39/tomcat-dbcp-9.0.39.jar:/home/vhmnts/.m2/repository/org/apache/tomcat/tomcat-juli/9.0.39/tomcat-juli-9.0.39.jar:/home/vhmnts/.m2/repository/javax/servlet/javax.servlet-api/3.1.0/javax.servlet-api-3.1.0.jar:/home/vhmnts/.m2/repository/javax/servlet/jstl/1.2/jstl-1.2.jar:/home/vhmnts/.m2/repository/taglibs/standard/1.1.2/standard-1.1.2.jar:/home/vhmnts/.m2/repository/org/springframework/spring-context/5.0.19.RELEASE/spring-context-5.0.19.RELEASE.jar:/home/vhmnts/.m2/repository/org/springframework/spring-aop/5.0.19.RELEASE/spring-aop-5.0.19.RELEASE.jar:/home/vhmnts/.m2/repository/org/springframework/spring-beans/5.0.19.RELEASE/spring-beans-5.0.19.RELEASE.jar:/home/vhmnts/.m2/repository/org/springframework/spring-expression/5.0.19.RELEASE/spring-expression-5.0.19.RELEASE.jar:/home/vhmnts/.m2/repository/org/springframework/spring-orm/5.0.19.RELEASE/spring-orm-5.0.19.RELEASE.jar:/home/vhmnts/.m2/repository/org/springframework/spring-jdbc/5.0.19.RELEASE/spring-jdbc-5.0.19.RELEASE.jar:/home/vhmnts/.m2/repository/org/springframework/spring-tx/5.0.19.RELEASE/spring-tx-5.0.19.RELEASE.jar:/home/vhmnts/.m2/repository/org/springframework/spring-webmvc/5.0.19.RELEASE/spring-webmvc-5.0.19.RELEASE.jar:/home/vhmnts/.m2/repository/org/springframework/spring-web/5.0.19.RELEASE/spring-web-5.0.19.RELEASE.jar:/home/vhmnts/.m2/repository/org/thymeleaf/thymeleaf-spring5/3.0.9.RELEASE/thymeleaf-spring5-3.0.9.RELEASE.jar:/home/vhmnts/.m2/repository/org/thymeleaf/thymeleaf/3.0.9.RELEASE/thymeleaf-3.0.9.RELEASE.jar:/home/vhmnts/.m2/repository/org/attoparser/attoparser/2.0.4.RELEASE/attoparser-2.0.4.RELEASE.jar:/home/vhmnts/.m2/repository/org/unbescape/unbescape/1.1.5.RELEASE/unbescape-1.1.5.RELEASE.jar:/home/vhmnts/.m2/repository/org/slf4j/slf4j-api/1.7.25/slf4j-api-1.7.25.jar:/home/vhmnts/.m2/repository/org/thymeleaf/extras/thymeleaf-extras-springsecurity5/3.0.4.RELEASE/thymeleaf-extras-springsecurity5-3.0.4.RELEASE.jar:/home/vhmnts/.m2/repository/org/springframework/security/spring-security-web/5.0.19.RELEASE/spring-security-web-5.0.19.RELEASE.jar:/home/vhmnts/.m2/repository/org/springframework/security/spring-security-core/5.0.0.RELEASE/spring-security-core-5.0.0.RELEASE.jar:/home/vhmnts/.m2/repository/org/springframework/security/spring-security-config/5.0.19.RELEASE/spring-security-config-5.0.19.RELEASE.jar:"/>
    <property name="java.vm.vendor" value="Red Hat, Inc."/>
    <property name="sun.arch.data.model" value="64"/>
    <property name="java.vendor.url" value="https://www.redhat.com/"/>
    <property name="user.timezone" value=""/>
    <property name="java.vm.specification.version" value="1.8"/>
    <property name="os.name" value="Linux"/>
    <property name="user.country" value="US"/>
    <property name="sun.java.launcher" value="SUN_STANDARD"/>
    <property name="sun.boot.library.path" value="/usr/lib/jvm/java-1.8.0-openjdk-1.8.0.402.b06-2.fc38.x86_64/jre/lib/amd64"/>
    <property name="sun.java.command" value="/home/vhmnts/Programming/Projects/Postcrossing/Postcrossing-pet-project/target/surefire/surefirebooter8942121063618289467.jar /home/vhmnts/Programming/Projects/Postcrossing/Postcrossing-pet-project/target/surefire 2024-04-21T13-52-23_070-jvmRun1 surefire4663165681727991974tmp surefire_08897896003292927817tmp"/>
    <property name="surefire.test.class.path" value="/home/vhmnts/Programming/Projects/Postcrossing/Postcrossing-pet-project/target/test-classes:/home/vhmnts/Programming/Projects/Postcrossing/Postcrossing-pet-project/target/classes:/home/vhmnts/.m2/repository/org/junit/jupiter/junit-jupiter-api/5.4.2/junit-jupiter-api-5.4.2.jar:/home/vhmnts/.m2/repository/org/apiguardian/apiguardian-api/1.0.0/apiguardian-api-1.0.0.jar:/home/vhmnts/.m2/repository/org/opentest4j/opentest4j/1.1.1/opentest4j-1.1.1.jar:/home/vhmnts/.m2/repository/org/junit/platform/junit-platform-commons/1.4.2/junit-platform-commons-1.4.2.jar:/home/vhmnts/.m2/repository/org/junit/jupiter/junit-jupiter-engine/5.4.1/junit-jupiter-engine-5.4.1.jar:/home/vhmnts/.m2/repository/org/junit/platform/junit-platform-engine/1.4.1/junit-platform-engine-1.4.1.jar:/home/vhmnts/.m2/repository/org/springframework/spring-test/5.0.19.RELEASE/spring-test-5.0.19.RELEASE.jar:/home/vhmnts/.m2/repository/org/springframework/spring-core/5.0.19.RELEASE/spring-core-5.0.19.RELEASE.jar:/home/vhmnts/.m2/repository/org/springframework/spring-jcl/5.0.19.RELEASE/spring-jcl-5.0.19.RELEASE.jar:/home/vhmnts/.m2/repository/org/hamcrest/hamcrest-library/2.1/hamcrest-library-2.1.jar:/home/vhmnts/.m2/repository/org/hamcrest/hamcrest-core/2.1/hamcrest-core-2.1.jar:/home/vhmnts/.m2/repository/org/hamcrest/hamcrest/2.1/hamcrest-2.1.jar:/home/vhmnts/.m2/repository/org/mockito/mockito-junit-jupiter/3.4.6/mockito-junit-jupiter-3.4.6.jar:/home/vhmnts/.m2/repository/org/mockito/mockito-core/3.4.6/mockito-core-3.4.6.jar:/home/vhmnts/.m2/repository/net/bytebuddy/byte-buddy/1.10.13/byte-buddy-1.10.13.jar:/home/vhmnts/.m2/repository/net/bytebuddy/byte-buddy-agent/1.10.13/byte-buddy-agent-1.10.13.jar:/home/vhmnts/.m2/repository/org/objenesis/objenesis/2.6/objenesis-2.6.jar:/home/vhmnts/.m2/repository/org/hsqldb/hsqldb/2.4.1/hsqldb-2.4.1.jar:/home/vhmnts/.m2/repository/org/hibernate/hibernate-core/5.4.22.Final/hibernate-core-5.4.22.Final.jar:/home/vhmnts/.m2/repository/org/jboss/logging/jboss-logging/3.3.2.Final/jboss-logging-3.3.2.Final.jar:/home/vhmnts/.m2/repository/javax/persistence/javax.persistence-api/2.2/javax.persistence-api-2.2.jar:/home/vhmnts/.m2/repository/org/javassist/javassist/3.24.0-GA/javassist-3.24.0-GA.jar:/home/vhmnts/.m2/repository/antlr/antlr/2.7.7/antlr-2.7.7.jar:/home/vhmnts/.m2/repository/org/jboss/spec/javax/transaction/jboss-transaction-api_1.2_spec/1.1.1.Final/jboss-transaction-api_1.2_spec-1.1.1.Final.jar:/home/vhmnts/.m2/repository/org/jboss/jandex/2.1.3.Final/jandex-2.1.3.Final.jar:/home/vhmnts/.m2/repository/com/fasterxml/classmate/1.5.1/classmate-1.5.1.jar:/home/vhmnts/.m2/repository/javax/activation/javax.activation-api/1.2.0/javax.activation-api-1.2.0.jar:/home/vhmnts/.m2/repository/org/dom4j/dom4j/2.1.3/dom4j-2.1.3.jar:/home/vhmnts/.m2/repository/org/hibernate/common/hibernate-commons-annotations/5.1.0.Final/hibernate-commons-annotations-5.1.0.Final.jar:/home/vhmnts/.m2/repository/javax/xml/bind/jaxb-api/2.3.1/jaxb-api-2.3.1.jar:/home/vhmnts/.m2/repository/org/glassfish/jaxb/jaxb-runtime/2.3.1/jaxb-runtime-2.3.1.jar:/home/vhmnts/.m2/repository/org/glassfish/jaxb/txw2/2.3.1/txw2-2.3.1.jar:/home/vhmnts/.m2/repository/com/sun/istack/istack-commons-runtime/3.0.7/istack-commons-runtime-3.0.7.jar:/home/vhmnts/.m2/repository/org/jvnet/staxex/stax-ex/1.8/stax-ex-1.8.jar:/home/vhmnts/.m2/repository/com/sun/xml/fastinfoset/FastInfoset/1.2.15/FastInfoset-1.2.15.jar:/home/vhmnts/.m2/repository/org/hibernate/validator/hibernate-validator/6.1.4.Final/hibernate-validator-6.1.4.Final.jar:/home/vhmnts/.m2/repository/jakarta/validation/jakarta.validation-api/2.0.2/jakarta.validation-api-2.0.2.jar:/home/vhmnts/.m2/repository/mysql/mysql-connector-java/8.0.21/mysql-connector-java-8.0.21.jar:/home/vhmnts/.m2/repository/com/google/protobuf/protobuf-java/3.11.4/protobuf-java-3.11.4.jar:/home/vhmnts/.m2/repository/org/apache/tomcat/tomcat-dbcp/9.0.39/tomcat-dbcp-9.0.39.jar:/home/vhmnts/.m2/repository/org/apache/tomcat/tomcat-juli/9.0.39/tomcat-juli-9.0.39.jar:/home/vhmnts/.m2/repository/javax/servlet/javax.servlet-api/3.1.0/javax.servlet-api-3.1.0.jar:/home/vhmnts/.m2/repository/javax/servlet/jstl/1.2/jstl-1.2.jar:/home/vhmnts/.m2/repository/taglibs/standard/1.1.2/standard-1.1.2.jar:/home/vhmnts/.m2/repository/org/springframework/spring-context/5.0.19.RELEASE/spring-context-5.0.19.RELEASE.jar:/home/vhmnts/.m2/repository/org/springframework/spring-aop/5.0.19.RELEASE/spring-aop-5.0.19.RELEASE.jar:/home/vhmnts/.m2/repository/org/springframework/spring-beans/5.0.19.RELEASE/spring-beans-5.0.19.RELEASE.jar:/home/vhmnts/.m2/repository/org/springframework/spring-expression/5.0.19.RELEASE/spring-expression-5.0.19.RELEASE.jar:/home/vhmnts/.m2/repository/org/springframework/spring-orm/5.0.19.RELEASE/spring-orm-5.0.19.RELEASE.jar:/home/vhmnts/.m2/repository/org/springframework/spring-jdbc/5.0.19.RELEASE/spring-jdbc-5.0.19.RELEASE.jar:/home/vhmnts/.m2/repository/org/springframework/spring-tx/5.0.19.RELEASE/spring-tx-5.0.19.RELEASE.jar:/home/vhmnts/.m2/repository/org/springframework/spring-webmvc/5.0.19.RELEASE/spring-webmvc-5.0.19.RELEASE.jar:/home/vhmnts/.m2/repository/org/springframework/spring-web/5.0.19.RELEASE/spring-web-5.0.19.RELEASE.jar:/home/vhmnts/.m2/repository/org/thymeleaf/thymeleaf-spring5/3.0.9.RELEASE/thymeleaf-spring5-3.0.9.RELEASE.jar:/home/vhmnts/.m2/repository/org/thymeleaf/thymeleaf/3.0.9.RELEASE/thymeleaf-3.0.9.RELEASE.jar:/home/vhmnts/.m2/repository/org/attoparser/attoparser/2.0.4.RELEASE/attoparser-2.0.4.RELEASE.jar:/home/vhmnts/.m2/repository/org/unbescape/unbescape/1.1.5.RELEASE/unbescape-1.1.5.RELEASE.jar:/home/vhmnts/.m2/repository/org/slf4j/slf4j-api/1.7.25/slf4j-api-1.7.25.jar:/home/vhmnts/.m2/repository/org/thymeleaf/extras/thymeleaf-extras-springsecurity5/3.0.4.RELEASE/thymeleaf-extras-springsecurity5-3.0.4.RELEASE.jar:/home/vhmnts/.m2/repository/org/springframework/security/spring-security-web/5.0.19.RELEASE/spring-security-web-5.0.19.RELEASE.jar:/home/vhmnts/.m2/repository/org/springframework/security/spring-security-core/5.0.0.RELEASE/spring-security-core-5.0.0.RELEASE.jar:/home/vhmnts/.m2/repository/org/springframework/security/spring-security-config/5.0.19.RELEASE/spring-security-config-5.0.19.RELEASE.jar:"/>
    <property name="sun.cpu.endian" value="little"/>
    <property name="user.home" value="/home/vhmnts"/>
    <property name="user.language" value="en"/>
    <property name="java.specification.vendor" value="Oracle Corporation"/>
    <property name="java.home" value="/usr/lib/jvm/java-1.8.0-openjdk-1.8.0.402.b06-2.fc38.x86_64/jre"/>
    <property name="basedir" value="/home/vhmnts/Programming/Projects/Postcrossing/Postcrossing-pet-project"/>
    <property name="file.separator" value="/"/>
    <property name="line.separator" value="&#10;"/>
    <property name="java.vm.specification.vendor" value="Oracle Corporation"/>
    <property name="java.specification.name" value="Java Platform API Specification"/>
    <property name="java.awt.graphicsenv" value="sun.awt.X11GraphicsEnvironment"/>
    <property name="surefire.real.class.path" value="/home/vhmnts/Programming/Projects/Postcrossing/Postcrossing-pet-project/target/surefire/surefirebooter8942121063618289467.jar"/>
    <property name="sun.boot.class.path" value="/usr/lib/jvm/java-1.8.0-openjdk-1.8.0.402.b06-2.fc38.x86_64/jre/lib/resources.jar:/usr/lib/jvm/java-1.8.0-openjdk-1.8.0.402.b06-2.fc38.x86_64/jre/lib/rt.jar:/usr/lib/jvm/java-1.8.0-openjdk-1.8.0.402.b06-2.fc38.x86_64/jre/lib/sunrsasign.jar:/usr/lib/jvm/java-1.8.0-openjdk-1.8.0.402.b06-2.fc38.x86_64/jre/lib/jsse.jar:/usr/lib/jvm/java-1.8.0-openjdk-1.8.0.402.b06-2.fc38.x86_64/jre/lib/jce.jar:/usr/lib/jvm/java-1.8.0-openjdk-1.8.0.402.b06-2.fc38.x86_64/jre/lib/charsets.jar:/usr/lib/jvm/java-1.8.0-openjdk-1.8.0.402.b06-2.fc38.x86_64/jre/lib/jfr.jar:/usr/lib/jvm/java-1.8.0-openjdk-1.8.0.402.b06-2.fc38.x86_64/jre/classes"/>
    <property name="sun.management.compiler" value="HotSpot 64-Bit Tiered Compilers"/>
    <property name="java.runtime.version" value="1.8.0_402-b05"/>
    <property name="user.name" value="vhmnts"/>
    <property name="path.separator" value=":"/>
    <property name="os.version" value="6.2.9-300.fc38.x86_64"/>
    <property name="java.endorsed.dirs" value="/usr/lib/jvm/java-1.8.0-openjdk-1.8.0.402.b06-2.fc38.x86_64/jre/lib/endorsed"/>
    <property name="java.runtime.name" value="OpenJDK Runtime Environment"/>
    <property name="file.encoding" value="UTF-8"/>
    <property name="java.vm.name" value="OpenJDK 64-Bit Server VM"/>
    <property name="localRepository" value="/home/vhmnts/.m2/repository"/>
    <property name="java.vendor.url.bug" value="https://bugzilla.redhat.com/enter_bug.cgi?product=Fedora&amp;component=java-1.8.0-openjdk&amp;version=38"/>
    <property name="java.io.tmpdir" value="/tmp"/>
    <property name="java.version" value="1.8.0_402"/>
    <property name="user.dir" value="/home/vhmnts/Programming/Projects/Postcrossing/Postcrossing-pet-project"/>
    <property name="os.arch" value="amd64"/>
    <property name="java.vm.specification.name" value="Java Virtual Machine Specification"/>
    <property name="java.awt.printerjob" value="sun.print.PSPrinterJob"/>
    <property name="sun.os.patch.level" value="unknown"/>
    <property name="java.library.path" value="/usr/java/packages/lib/amd64:/usr/lib64:/lib64:/lib:/usr/lib"/>
    <property name="java.vm.info" value="mixed mode"/>
    <property name="java.vendor" value="Red Hat, Inc."/>
    <property name="java.vm.version" value="25.402-b05"/>
    <property name="java.specification.maintenance.version" value="5"/>
    <property name="java.ext.dirs" value="/usr/lib/jvm/java-1.8.0-openjdk-1.8.0.402.b06-2.fc38.x86_64/jre/lib/ext:/usr/java/packages/lib/ext"/>
    <property name="sun.io.unicode.encoding" value="UnicodeLittle"/>
    <property name="java.class.version" value="52.0"/>
  </properties>
  <testcase name="initUpdateUserDetailsPage" classname="controller.UserControllerTest" time="0.11"/>
  <testcase name="registration" classname="controller.UserControllerTest" time="0.003"/>
  <testcase name="showUserDetails" classname="controller.UserControllerTest" time="0.086"/>
  <testcase name="updateUserDetails" classname="controller.UserControllerTest" time="0.003"/>
  <testcase name="initRegistrationPage" classname="controller.UserControllerTest" time="0.008"/>
</testsuite>